TN:
SF:src/lib/locale-manager.js
FN:7,LocaleManager
FN:12,registerComponent
FN:16,unregisterComponent
FN:20,setLocale
FN:32,getCurrentLocale
FN:36,getLocaleSource
FN:43,getNestedValue
FN:53,replaceParams
FN:64,getLocaleKeyToValue
FN:75,t
FN:79,init
FNF:11
FNH:7
FNDA:2,LocaleManager
FNDA:0,registerComponent
FNDA:0,unregisterComponent
FNDA:0,setLocale
FNDA:4,getCurrentLocale
FNDA:3,getLocaleSource
FNDA:3,getNestedValue
FNDA:1,replaceParams
FNDA:3,getLocaleKeyToValue
FNDA:3,t
FNDA:0,init
DA:1,2
DA:2,2
DA:3,2
DA:4,2
DA:5,2
DA:6,2
DA:7,2
DA:8,2
DA:9,2
DA:10,2
DA:11,2
DA:12,2
DA:13,0
DA:14,0
DA:15,2
DA:16,2
DA:17,0
DA:18,0
DA:19,2
DA:20,2
DA:21,0
DA:22,0
DA:23,0
DA:24,0
DA:25,0
DA:26,0
DA:27,0
DA:28,0
DA:29,0
DA:30,0
DA:31,2
DA:32,2
DA:33,4
DA:34,4
DA:35,2
DA:36,2
DA:37,3
DA:38,3
DA:39,3
DA:40,0
DA:41,3
DA:42,2
DA:43,2
DA:44,3
DA:45,3
DA:46,3
DA:47,3
DA:48,3
DA:49,3
DA:50,3
DA:51,3
DA:52,2
DA:53,2
DA:54,1
DA:55,0
DA:56,0
DA:57,1
DA:58,1
DA:59,2
DA:60,2
DA:61,1
DA:62,1
DA:63,2
DA:64,2
DA:65,3
DA:66,3
DA:67,3
DA:68,3
DA:69,1
DA:70,1
DA:71,2
DA:72,2
DA:73,3
DA:74,2
DA:75,2
DA:76,3
DA:77,3
DA:78,2
DA:79,2
DA:80,0
DA:81,0
DA:82,0
DA:83,2
LF:83
LH:63
BRDA:1,0,0,2
BRDA:7,1,0,2
BRDA:32,2,0,4
BRDA:36,3,0,4
BRDA:40,4,0,1
BRDA:43,5,0,4
BRDA:47,6,0,9
BRDA:48,7,0,8
BRDA:48,8,0,2
BRDA:53,9,0,2
BRDA:54,10,0,1
BRDA:58,11,0,3
BRDA:64,12,0,4
BRDA:66,13,0,2
BRDA:68,14,0,2
BRDA:71,15,0,3
BRDA:75,16,0,4
BRF:17
BRH:17
end_of_record
TN:
SF:src/locales/en.js
FNF:0
FNH:0
DA:1,2
DA:2,2
DA:3,2
DA:4,2
DA:5,2
DA:6,2
DA:7,2
DA:8,2
DA:9,2
DA:10,2
DA:11,2
DA:12,2
DA:13,2
DA:14,2
DA:15,2
DA:16,2
DA:17,2
DA:18,2
DA:19,2
DA:20,2
DA:21,2
DA:22,2
DA:23,2
DA:24,2
DA:25,2
DA:26,2
DA:27,2
DA:28,2
DA:29,2
DA:30,2
DA:31,2
DA:32,2
DA:33,2
DA:34,2
DA:35,2
DA:36,2
DA:37,2
DA:38,2
DA:39,2
DA:40,2
DA:41,2
DA:42,2
DA:43,2
DA:44,2
DA:45,2
DA:46,2
DA:47,2
DA:48,2
DA:49,2
DA:50,2
DA:51,2
DA:52,2
DA:53,2
DA:54,2
DA:55,2
DA:56,2
DA:57,2
DA:58,2
DA:59,2
DA:60,2
DA:61,2
DA:62,2
DA:63,2
DA:64,2
DA:65,2
DA:66,2
DA:67,2
DA:68,2
DA:69,2
DA:70,2
DA:71,2
DA:72,2
DA:73,2
DA:74,2
DA:75,2
DA:76,2
DA:77,2
DA:78,2
DA:79,2
DA:80,2
DA:81,2
DA:82,2
DA:83,2
DA:84,2
DA:85,2
DA:86,2
DA:87,2
DA:88,2
DA:89,2
DA:90,2
DA:91,2
DA:92,2
DA:93,2
DA:94,2
DA:95,2
DA:96,2
DA:97,2
DA:98,2
DA:99,2
DA:100,2
DA:101,2
DA:102,2
DA:103,2
DA:104,2
DA:105,2
DA:106,2
DA:107,2
DA:108,2
DA:109,2
DA:110,2
DA:111,2
DA:112,2
DA:113,2
DA:114,2
DA:115,2
DA:116,2
DA:117,2
DA:118,2
DA:119,2
DA:120,2
DA:121,2
DA:122,2
DA:123,2
DA:124,2
DA:125,2
DA:126,2
DA:127,2
DA:128,2
DA:129,2
DA:130,2
DA:131,2
LF:131
LH:131
BRDA:1,0,0,2
BRF:1
BRH:1
end_of_record
TN:
SF:src/locales/tr.js
FNF:0
FNH:0
DA:1,2
DA:2,2
DA:3,2
DA:4,2
DA:5,2
DA:6,2
DA:7,2
DA:8,2
DA:9,2
DA:10,2
DA:11,2
DA:12,2
DA:13,2
DA:14,2
DA:15,2
DA:16,2
DA:17,2
DA:18,2
DA:19,2
DA:20,2
DA:21,2
DA:22,2
DA:23,2
DA:24,2
DA:25,2
DA:26,2
DA:27,2
DA:28,2
DA:29,2
DA:30,2
DA:31,2
DA:32,2
DA:33,2
DA:34,2
DA:35,2
DA:36,2
DA:37,2
DA:38,2
DA:39,2
DA:40,2
DA:41,2
DA:42,2
DA:43,2
DA:44,2
DA:45,2
DA:46,2
DA:47,2
DA:48,2
DA:49,2
DA:50,2
DA:51,2
DA:52,2
DA:53,2
DA:54,2
DA:55,2
DA:56,2
DA:57,2
DA:58,2
DA:59,2
DA:60,2
DA:61,2
DA:62,2
DA:63,2
DA:64,2
DA:65,2
DA:66,2
DA:67,2
DA:68,2
DA:69,2
DA:70,2
DA:71,2
DA:72,2
DA:73,2
DA:74,2
DA:75,2
DA:76,2
DA:77,2
DA:78,2
DA:79,2
DA:80,2
DA:81,2
DA:82,2
DA:83,2
DA:84,2
DA:85,2
DA:86,2
DA:87,2
DA:88,2
DA:89,2
DA:90,2
DA:91,2
DA:92,2
DA:93,2
DA:94,2
DA:95,2
DA:96,2
DA:97,2
DA:98,2
DA:99,2
DA:100,2
DA:101,2
DA:102,2
DA:103,2
DA:104,2
DA:105,2
DA:106,2
DA:107,2
DA:108,2
DA:109,2
DA:110,2
DA:111,2
DA:112,2
DA:113,2
DA:114,2
DA:115,2
DA:116,2
DA:117,2
DA:118,2
DA:119,2
DA:120,2
DA:121,2
DA:122,2
DA:123,2
DA:124,2
DA:125,2
DA:126,2
DA:127,2
DA:128,2
DA:129,2
DA:130,2
DA:131,2
DA:132,2
DA:133,2
DA:134,2
LF:134
LH:134
BRDA:1,0,0,2
BRF:1
BRH:1
end_of_record
TN:
SF:src/utils/debounce.js
FN:1,debounce
FNF:1
FNH:1
FNDA:2,debounce
DA:1,2
DA:2,2
DA:3,2
DA:4,2
DA:5,2
DA:6,2
DA:7,2
DA:8,1
DA:9,2
DA:10,2
DA:11,2
DA:12,1
DA:13,1
LF:13
LH:13
BRDA:1,0,0,1
BRDA:1,1,0,2
BRDA:4,2,0,2
BRDA:7,3,0,1
BRF:4
BRH:4
end_of_record
TN:
SF:src/utils/format-date.js
FN:3,formatDate
FNF:1
FNH:1
FNDA:1,formatDate
DA:1,1
DA:2,1
DA:3,1
DA:4,1
DA:5,1
DA:6,1
DA:7,1
DA:8,1
DA:9,1
DA:10,1
DA:11,1
DA:12,1
DA:13,1
DA:14,1
DA:15,1
DA:16,1
LF:16
LH:16
BRDA:1,0,0,1
BRDA:3,1,0,1
BRDA:9,2,0,0
BRF:3
BRH:2
end_of_record
TN:
SF:src/utils/i18n.js
FN:5,t
FN:9,updateWhenLocaleChanges
FNF:2
FNH:1
FNDA:3,t
FNDA:0,updateWhenLocaleChanges
DA:1,2
DA:2,2
DA:3,2
DA:4,2
DA:5,2
DA:6,3
DA:7,2
DA:8,2
DA:9,2
DA:10,0
DA:11,0
DA:12,0
DA:13,0
DA:14,0
DA:15,0
DA:16,0
DA:17,0
DA:18,0
DA:19,2
DA:20,2
DA:21,2
LF:21
LH:12
BRDA:1,0,0,2
BRDA:5,1,0,4
BRF:2
BRH:2
end_of_record
TN:
SF:src/utils/search-filters.js
FN:3,setSearchFilters
FN:14,getSearchFilters
FN:19,setMultipleSearchFilters
FNF:3
FNH:2
FNDA:2,setSearchFilters
FNDA:2,getSearchFilters
FNDA:0,setMultipleSearchFilters
DA:1,1
DA:2,1
DA:3,1
DA:4,2
DA:5,2
DA:6,1
DA:7,1
DA:8,1
DA:9,1
DA:10,2
DA:11,2
DA:12,1
DA:13,1
DA:14,1
DA:15,2
DA:16,2
DA:17,1
DA:18,1
DA:19,1
DA:20,0
DA:21,0
DA:22,0
DA:23,0
DA:24,0
DA:25,0
DA:26,0
DA:27,0
DA:28,0
DA:29,0
DA:30,1
LF:30
LH:20
BRDA:1,0,0,1
BRDA:3,1,0,2
BRDA:5,2,0,1
BRDA:14,3,0,2
BRF:4
BRH:4
end_of_record
TN:
SF:src/utils/uuid.js
FN:1,findMaxId
FN:7,generateUUID
FNF:2
FNH:2
FNDA:2,findMaxId
FNDA:4,generateUUID
DA:1,1
DA:2,2
DA:3,1
DA:4,1
DA:5,1
DA:6,1
DA:7,1
DA:8,4
DA:9,4
DA:10,4
DA:11,4
DA:12,4
DA:13,1
DA:14,1
DA:15,4
DA:16,4
DA:17,1
LF:17
LH:17
BRDA:1,0,0,1
BRDA:1,1,0,2
BRDA:2,2,0,1
BRDA:4,3,0,3
BRDA:7,4,0,4
BRDA:8,5,0,2
BRDA:8,6,0,2
BRDA:12,7,0,1
BRDA:12,8,0,11
BRF:9
BRH:9
end_of_record
